app/build/intermediates/manifest_merge_blame_file/debug/manifest-merger-blame-debug-report.txt
1<?xml version="1.0" encoding="utf-8"?>
2<manifest xmlns:android="http://schemas.android.com/apk/res/android"
3    package="com.dev.friendlyneighbour"
4    android:versionCode="1"
5    android:versionName="1.0" >
6
7    <uses-sdk
8        android:minSdkVersion="22"
8-->src\main\AndroidManifest.xml
9        android:targetSdkVersion="29" />
9-->src\main\AndroidManifest.xml
10
11    <uses-permission android:name="android.permission.ACCESS_COARSE_LOCATION" />
11-->src\main\AndroidManifest.xml:5:5-81
11-->src\main\AndroidManifest.xml:5:22-78
12    <uses-permission android:name="android.permission.ACCESS_FINE_LOCATION" />
12-->src\main\AndroidManifest.xml:6:5-79
12-->src\main\AndroidManifest.xml:6:22-76
13    <uses-permission android:name="android.permission.INTERNET" />
13-->src\main\AndroidManifest.xml:7:5-66
13-->src\main\AndroidManifest.xml:7:22-64
14
15    <application
15-->src\main\AndroidManifest.xml:9:5-27:19
16        android:allowBackup="true"
16-->src\main\AndroidManifest.xml:10:9-35
17        android:appComponentFactory="androidx.core.app.CoreComponentFactory"
17-->[androidx.core:core:1.1.0] AndroidManifest.xml:24:18-86
18        android:debuggable="true"
19        android:fullBackupContent="true"
19-->src\main\AndroidManifest.xml:11:9-41
20        android:icon="@mipmap/ic_launcher"
20-->src\main\AndroidManifest.xml:12:9-43
21        android:label="@string/app_name"
21-->src\main\AndroidManifest.xml:13:9-41
22        android:roundIcon="@mipmap/ic_launcher_round"
22-->src\main\AndroidManifest.xml:14:9-54
23        android:supportsRtl="true"
23-->src\main\AndroidManifest.xml:15:9-35
24        android:theme="@style/AppTheme" >
24-->src\main\AndroidManifest.xml:16:9-40
25        <activity android:name="com.dev.friendlyNeighbour.sendLocation" />
25-->src\main\AndroidManifest.xml:17:9-59
25-->src\main\AndroidManifest.xml:17:19-47
26        <activity android:name="com.dev.friendlyNeighbour.MainActivity" >
26-->src\main\AndroidManifest.xml:20:9-26:20
26-->src\main\AndroidManifest.xml:20:19-47
27            <intent-filter>
27-->src\main\AndroidManifest.xml:21:13-25:29
28                <action android:name="android.intent.action.MAIN" />
28-->src\main\AndroidManifest.xml:22:17-69
28-->src\main\AndroidManifest.xml:22:25-66
29
30                <category android:name="android.intent.category.LAUNCHER" />
30-->src\main\AndroidManifest.xml:24:17-77
30-->src\main\AndroidManifest.xml:24:27-74
31            </intent-filter>
32        </activity>
33        <activity
33-->[com.google.android.gms:play-services-base:17.0.0] AndroidManifest.xml:23:9-26:75
34            android:name="com.google.android.gms.common.api.GoogleApiActivity"
34-->[com.google.android.gms:play-services-base:17.0.0] AndroidManifest.xml:24:13-79
35            android:exported="false"
35-->[com.google.android.gms:play-services-base:17.0.0] AndroidManifest.xml:25:13-37
36            android:theme="@android:style/Theme.Translucent.NoTitleBar" />
36-->[com.google.android.gms:play-services-base:17.0.0] AndroidManifest.xml:26:13-72
37
38        <meta-data
38-->[com.google.android.gms:play-services-basement:17.0.0] AndroidManifest.xml:23:9-25:69
39            android:name="com.google.android.gms.version"
39-->[com.google.android.gms:play-services-basement:17.0.0] AndroidManifest.xml:24:13-58
40            android:value="@integer/google_play_services_version" />
40-->[com.google.android.gms:play-services-basement:17.0.0] AndroidManifest.xml:25:13-66
41    </application>
42
43</manifest>